[32m2018-12-17 15:48:30,752 [WAM] [INFO] rules length: 13[0m
[32m2018-12-17 15:48:31,022 [WAM] [INFO] 74cms no change[0m
[32m2018-12-17 15:48:31,219 [WAM] [INFO] destoon no change[0m
[32m2018-12-17 15:48:31,308 [WAM] [INFO] zzcms no change[0m
[32m2018-12-17 15:48:32,846 [WAM] [INFO] strut2 no change[0m
[32m2018-12-17 15:48:33,207 [WAM] [INFO] tpshop no change[0m
[32m2018-12-17 15:48:33,331 [WAM] [INFO] dedecms no change[0m
[32m2018-12-17 15:48:33,556 [WAM] [INFO] metinfo no change[0m
[32m2018-12-17 15:48:33,971 [WAM] [INFO] PBootcms no change[0m
[32m2018-12-17 15:48:35,825 [WAM] [INFO] thinkphp no change[0m
[32m2018-12-17 15:48:37,549 [WAM] [INFO] thinkcmf no change[0m
[32m2018-12-17 15:48:39,072 [WAM] [INFO] yii2 no change[0m
[32m2018-12-17 15:48:40,079 [WAM] [INFO] ggffgg no change[0m
[32m2018-12-17 15:48:41,358 [WAM] [INFO] typecho no change[0m
[32m2018-12-17 15:48:41,358 [WAM] [INFO] sleep 30s[0m
[31m[47m2018-12-17 16:22:29,736 [WAM] [CRITICAL] get rules failed, rule types not found![0m
[32m2018-12-17 16:22:35,821 [WAM] [INFO] rules length: 13[0m
[32m2018-12-17 16:22:36,894 [WAM] [INFO] 74cms no change[0m
[32m2018-12-17 16:22:37,065 [WAM] [INFO] destoon no change[0m
[32m2018-12-17 16:22:37,141 [WAM] [INFO] zzcms no change[0m
[32m2018-12-17 16:22:38,602 [WAM] [INFO] strut2 no change[0m
[32m2018-12-17 16:22:38,938 [WAM] [INFO] tpshop no change[0m
[32m2018-12-17 16:22:39,599 [WAM] [INFO] dedecms no change[0m
[32m2018-12-17 16:22:39,805 [WAM] [INFO] metinfo no change[0m
[31m2018-12-17 16:22:40,075 [WAM] [ERROR] PBootcms无法访问[0m
[32m2018-12-17 16:22:42,150 [WAM] [INFO] thinkphp no change[0m
[32m2018-12-17 16:22:43,436 [WAM] [INFO] thinkcmf no change[0m
[32m2018-12-17 16:22:45,168 [WAM] [INFO] yii2 no change[0m
[32m2018-12-17 16:22:46,351 [WAM] [INFO] ggffgg no change[0m
[32m2018-12-17 16:22:48,042 [WAM] [INFO] typecho no change[0m
[32m2018-12-17 16:22:48,042 [WAM] [INFO] sleep 30s[0m
[32m2018-12-17 16:23:18,042 [WAM] [INFO] rules length: 13[0m
[32m2018-12-17 16:23:18,246 [WAM] [INFO] 74cms no change[0m
[32m2018-12-17 16:23:18,371 [WAM] [INFO] destoon no change[0m
[32m2018-12-17 16:23:18,426 [WAM] [INFO] zzcms no change[0m
[32m2018-12-17 16:23:19,470 [WAM] [INFO] strut2 no change[0m
[32m2018-12-17 16:23:19,630 [WAM] [INFO] tpshop no change[0m
[32m2018-12-17 16:23:19,767 [WAM] [INFO] dedecms no change[0m
[32m2018-12-17 16:23:19,974 [WAM] [INFO] metinfo no change[0m
[32m2018-12-17 16:23:21,101 [WAM] [INFO] PBootcms no change[0m
[32m2018-12-17 16:23:22,483 [WAM] [INFO] thinkphp no change[0m
[32m2018-12-17 16:23:23,727 [WAM] [INFO] thinkcmf no change[0m
[32m2018-12-17 16:23:25,062 [WAM] [INFO] yii2 no change[0m
[32m2018-12-17 16:23:26,071 [WAM] [INFO] ggffgg no change[0m
[32m2018-12-17 16:23:27,293 [WAM] [INFO] typecho no change[0m
[32m2018-12-17 16:23:27,293 [WAM] [INFO] sleep 30s[0m
[31m[47m2018-12-17 16:23:40,720 [WAM] [CRITICAL] get rules failed, rule types not found![0m
[32m2018-12-17 16:23:44,433 [WAM] [INFO] rules length: 5[0m
[32m2018-12-17 16:23:46,358 [WAM] [INFO] wam init ...[0m
[32m2018-12-17 16:23:47,484 [WAM] [INFO] 添加新的监控app:thinkcmf[0m
[32m2018-12-17 16:23:49,131 [WAM] [INFO] 添加新的监控app:yii2[0m
[31m2018-12-17 16:23:50,529 [WAM] [ERROR] ggffgg无法访问[0m
[31m2018-12-17 16:23:52,079 [WAM] [ERROR] typecho无法访问[0m
[32m2018-12-17 16:23:52,081 [WAM] [INFO] sleep 30s[0m
[32m2018-12-17 16:23:57,295 [WAM] [INFO] rules length: 13[0m
[32m2018-12-17 16:23:57,471 [WAM] [INFO] 添加新的监控app:74cms[0m
[32m2018-12-17 16:23:57,563 [WAM] [INFO] 添加新的监控app:destoon[0m
[32m2018-12-17 16:23:57,743 [WAM] [INFO] 添加新的监控app:zzcms[0m
[32m2018-12-17 16:23:58,812 [WAM] [INFO] 添加新的监控app:strut2[0m
[32m2018-12-17 16:23:58,993 [WAM] [INFO] 添加新的监控app:tpshop[0m
[32m2018-12-17 16:23:59,141 [WAM] [INFO] 添加新的监控app:dedecms[0m
[32m2018-12-17 16:23:59,338 [WAM] [INFO] 添加新的监控app:metinfo[0m
[32m2018-12-17 16:23:59,697 [WAM] [INFO] 添加新的监控app:PBootcms[0m
[32m2018-12-17 16:24:01,197 [WAM] [INFO] thinkphp no change[0m
[32m2018-12-17 16:24:04,638 [WAM] [INFO] thinkcmf no change[0m
[32m2018-12-17 16:24:06,359 [WAM] [INFO] yii2 no change[0m
[32m2018-12-17 16:24:07,345 [WAM] [INFO] 添加新的监控app:ggffgg[0m
[32m2018-12-17 16:24:08,871 [WAM] [INFO] 添加新的监控app:typecho[0m
[32m2018-12-17 16:24:08,874 [WAM] [INFO] sleep 30s[0m
[32m2018-12-17 16:24:38,874 [WAM] [INFO] rules length: 13[0m
[32m2018-12-17 16:24:39,062 [WAM] [INFO] wam init ...[0m
[32m2018-12-17 16:24:39,160 [WAM] [INFO] 添加新的监控app:destoon[0m
[32m2018-12-17 16:24:39,226 [WAM] [INFO] 添加新的监控app:zzcms[0m
[32m2018-12-17 16:24:40,262 [WAM] [INFO] wam init ...[0m
[32m2018-12-17 16:24:40,423 [WAM] [INFO] 添加新的监控app:tpshop[0m
[32m2018-12-17 16:24:40,585 [WAM] [INFO] 添加新的监控app:dedecms[0m
[32m2018-12-17 16:24:40,819 [WAM] [INFO] 添加新的监控app:metinfo[0m
[32m2018-12-17 16:24:41,155 [WAM] [INFO] 添加新的监控app:PBootcms[0m
[32m2018-12-17 16:24:42,660 [WAM] [INFO] 添加新的监控app:thinkphp[0m
[32m2018-12-17 16:24:44,217 [WAM] [INFO] 添加新的监控app:thinkcmf[0m
[32m2018-12-17 16:24:45,697 [WAM] [INFO] 添加新的监控app:yii2[0m
[32m2018-12-17 16:24:46,627 [WAM] [INFO] 添加新的监控app:ggffgg[0m
[32m2018-12-17 16:24:49,138 [WAM] [INFO] 添加新的监控app:typecho[0m
[32m2018-12-17 16:24:49,140 [WAM] [INFO] sleep 30s[0m
[32m2018-12-17 16:25:19,141 [WAM] [INFO] rules length: 13[0m
[32m2018-12-17 16:25:19,322 [WAM] [INFO] wam init ...[0m
[32m2018-12-17 16:25:19,423 [WAM] [INFO] 添加新的监控app:destoon[0m
[32m2018-12-17 16:25:19,492 [WAM] [INFO] 添加新的监控app:zzcms[0m
[32m2018-12-17 16:25:20,566 [WAM] [INFO] 添加新的监控app:strut2[0m
[32m2018-12-17 16:25:20,720 [WAM] [INFO] 添加新的监控app:tpshop[0m
[32m2018-12-17 16:25:20,838 [WAM] [INFO] 添加新的监控app:dedecms[0m
[32m2018-12-17 16:25:21,046 [WAM] [INFO] 添加新的监控app:metinfo[0m
[32m2018-12-17 16:25:21,385 [WAM] [INFO] 添加新的监控app:PBootcms[0m
[32m2018-12-17 16:25:22,674 [WAM] [INFO] 添加新的监控app:thinkphp[0m
[32m2018-12-17 16:25:23,854 [WAM] [INFO] 添加新的监控app:thinkcmf[0m
[32m2018-12-17 16:25:25,345 [WAM] [INFO] 添加新的监控app:yii2[0m
[32m2018-12-17 16:25:26,503 [WAM] [INFO] 添加新的监控app:ggffgg[0m
[32m2018-12-17 16:25:28,414 [WAM] [INFO] 添加新的监控app:typecho[0m
[32m2018-12-17 16:25:28,414 [WAM] [INFO] sleep 30s[0m
[32m2018-12-17 16:25:58,414 [WAM] [INFO] rules length: 13[0m
[32m2018-12-17 16:25:58,598 [WAM] [INFO] 74cms no change[0m
[32m2018-12-17 16:25:58,688 [WAM] [INFO] destoon no change[0m
[32m2018-12-17 16:25:58,747 [WAM] [INFO] zzcms no change[0m
[32m2018-12-17 16:25:59,786 [WAM] [INFO] strut2 no change[0m
[32m2018-12-17 16:26:00,094 [WAM] [INFO] tpshop no change[0m
[32m2018-12-17 16:26:00,273 [WAM] [INFO] dedecms no change[0m
[32m2018-12-17 16:26:00,492 [WAM] [INFO] metinfo no change[0m
[32m2018-12-17 16:26:00,826 [WAM] [INFO] PBootcms no change[0m
[32m2018-12-17 16:26:02,438 [WAM] [INFO] thinkphp no change[0m
[32m2018-12-17 16:26:03,780 [WAM] [INFO] thinkcmf no change[0m
[32m2018-12-17 16:26:05,115 [WAM] [INFO] yii2 no change[0m
[32m2018-12-17 16:26:06,204 [WAM] [INFO] ggffgg no change[0m
[32m2018-12-17 16:26:07,571 [WAM] [INFO] typecho no change[0m
[32m2018-12-17 16:26:07,571 [WAM] [INFO] sleep 30s[0m
[32m2018-12-17 16:26:37,569 [WAM] [INFO] rules length: 13[0m
[32m2018-12-17 16:26:37,736 [WAM] [INFO] 74cms no change[0m
[32m2018-12-17 16:26:37,798 [WAM] [INFO] destoon no change[0m
[32m2018-12-17 16:26:37,857 [WAM] [INFO] zzcms no change[0m
[32m2018-12-17 16:26:38,908 [WAM] [INFO] strut2 no change[0m
[32m2018-12-17 16:26:39,170 [WAM] [INFO] tpshop no change[0m
[32m2018-12-17 16:26:39,342 [WAM] [INFO] dedecms no change[0m
[32m2018-12-17 16:26:39,549 [WAM] [INFO] metinfo no change[0m
[32m2018-12-17 16:26:39,950 [WAM] [INFO] PBootcms no change[0m
[32m2018-12-17 16:26:41,338 [WAM] [INFO] thinkphp no change[0m
[32m2018-12-17 16:26:42,815 [WAM] [INFO] thinkcmf no change[0m
[32m2018-12-17 16:26:44,604 [WAM] [INFO] yii2 no change[0m
[32m2018-12-17 16:26:45,773 [WAM] [INFO] ggffgg no change[0m
[32m2018-12-17 16:26:47,296 [WAM] [INFO] typecho no change[0m
[32m2018-12-17 16:26:47,296 [WAM] [INFO] sleep 30s[0m
[32m2018-12-17 16:27:17,296 [WAM] [INFO] rules length: 13[0m
[32m2018-12-17 16:27:17,467 [WAM] [INFO] 74cms no change[0m
[32m2018-12-17 16:27:17,584 [WAM] [INFO] destoon no change[0m
[32m2018-12-17 16:27:17,638 [WAM] [INFO] zzcms no change[0m
[32m2018-12-17 16:27:18,742 [WAM] [INFO] strut2 no change[0m
[32m2018-12-17 16:27:18,915 [WAM] [INFO] tpshop no change[0m
[32m2018-12-17 16:27:19,121 [WAM] [INFO] dedecms no change[0m
[32m2018-12-17 16:27:19,312 [WAM] [INFO] metinfo no change[0m
[32m2018-12-17 16:27:19,680 [WAM] [INFO] PBootcms no change[0m
[32m2018-12-17 16:27:21,223 [WAM] [INFO] thinkphp no change[0m
[32m2018-12-17 16:27:22,474 [WAM] [INFO] thinkcmf no change[0m
[32m2018-12-17 16:27:24,345 [WAM] [INFO] yii2 no change[0m
[32m2018-12-17 16:27:25,434 [WAM] [INFO] ggffgg no change[0m
[32m2018-12-17 16:27:27,055 [WAM] [INFO] typecho no change[0m
[32m2018-12-17 16:27:27,056 [WAM] [INFO] sleep 30s[0m
[32m2018-12-17 16:27:57,058 [WAM] [INFO] rules length: 13[0m
[32m2018-12-17 16:27:57,236 [WAM] [INFO] 74cms no change[0m
[32m2018-12-17 16:27:57,326 [WAM] [INFO] destoon no change[0m
[32m2018-12-17 16:27:57,404 [WAM] [INFO] zzcms no change[0m
[32m2018-12-17 16:27:58,434 [WAM] [INFO] strut2 no change[0m
[32m2018-12-17 16:27:58,734 [WAM] [INFO] tpshop no change[0m
[32m2018-12-17 16:27:58,904 [WAM] [INFO] dedecms no change[0m
[32m2018-12-17 16:27:59,401 [WAM] [INFO] metinfo no change[0m
[32m2018-12-17 16:27:59,799 [WAM] [INFO] PBootcms no change[0m
[32m2018-12-17 16:28:01,487 [WAM] [INFO] thinkphp no change[0m
[32m2018-12-17 16:28:03,048 [WAM] [INFO] thinkcmf no change[0m
[32m2018-12-17 16:28:05,078 [WAM] [INFO] yii2 no change[0m
[32m2018-12-17 16:28:06,438 [WAM] [INFO] ggffgg no change[0m
[32m2018-12-17 16:28:08,122 [WAM] [INFO] typecho no change[0m
[32m2018-12-17 16:28:08,124 [WAM] [INFO] sleep 30s[0m
[32m2018-12-17 16:28:38,125 [WAM] [INFO] rules length: 13[0m
[32m2018-12-17 16:28:38,312 [WAM] [INFO] 74cms no change[0m
[32m2018-12-17 16:28:38,457 [WAM] [INFO] destoon no change[0m
[32m2018-12-17 16:28:38,530 [WAM] [INFO] zzcms no change[0m
[32m2018-12-17 16:28:39,559 [WAM] [INFO] strut2 no change[0m
[32m2018-12-17 16:28:39,841 [WAM] [INFO] tpshop no change[0m
[32m2018-12-17 16:28:40,032 [WAM] [INFO] dedecms no change[0m
[32m2018-12-17 16:28:40,223 [WAM] [INFO] metinfo no change[0m
[32m2018-12-17 16:28:40,559 [WAM] [INFO] PBootcms no change[0m
[32m2018-12-17 16:28:41,819 [WAM] [INFO] thinkphp no change[0m
[32m2018-12-17 16:28:43,209 [WAM] [INFO] thinkcmf no change[0m
[32m2018-12-17 16:28:44,696 [WAM] [INFO] yii2 no change[0m
[32m2018-12-17 16:28:45,780 [WAM] [INFO] ggffgg no change[0m
[32m2018-12-17 16:28:47,062 [WAM] [INFO] typecho no change[0m
[32m2018-12-17 16:28:47,062 [WAM] [INFO] sleep 30s[0m
[32m2018-12-17 16:29:17,063 [WAM] [INFO] rules length: 13[0m
[32m2018-12-17 16:29:17,240 [WAM] [INFO] 74cms no change[0m
[32m2018-12-17 16:29:17,378 [WAM] [INFO] destoon no change[0m
[32m2018-12-17 16:29:17,434 [WAM] [INFO] zzcms no change[0m
[32m2018-12-17 16:29:18,483 [WAM] [INFO] strut2 no change[0m
[32m2018-12-17 16:29:18,673 [WAM] [INFO] tpshop no change[0m
[32m2018-12-17 16:29:18,901 [WAM] [INFO] dedecms no change[0m
[32m2018-12-17 16:29:19,108 [WAM] [INFO] metinfo no change[0m
[32m2018-12-17 16:29:19,444 [WAM] [INFO] PBootcms no change[0m
[32m2018-12-17 16:29:20,750 [WAM] [INFO] thinkphp no change[0m
[32m2018-12-17 16:29:22,305 [WAM] [INFO] thinkcmf no change[0m
[32m2018-12-17 16:29:23,994 [WAM] [INFO] yii2 no change[0m
[32m2018-12-17 16:29:25,638 [WAM] [INFO] ggffgg no change[0m
[32m2018-12-17 16:29:27,071 [WAM] [INFO] typecho no change[0m
[32m2018-12-17 16:29:27,072 [WAM] [INFO] sleep 30s[0m
[32m2018-12-17 16:29:57,072 [WAM] [INFO] rules length: 13[0m
[32m2018-12-17 16:29:57,236 [WAM] [INFO] 74cms no change[0m
[32m2018-12-17 16:29:57,311 [WAM] [INFO] destoon no change[0m
[32m2018-12-17 16:29:57,384 [WAM] [INFO] zzcms no change[0m
[32m2018-12-17 16:29:58,410 [WAM] [INFO] strut2 no change[0m
[32m2018-12-17 16:29:58,713 [WAM] [INFO] tpshop no change[0m
[32m2018-12-17 16:29:58,905 [WAM] [INFO] dedecms no change[0m
[32m2018-12-17 16:29:59,128 [WAM] [INFO] metinfo no change[0m
[32m2018-12-17 16:29:59,471 [WAM] [INFO] PBootcms no change[0m
[32m2018-12-17 16:30:01,017 [WAM] [INFO] thinkphp no change[0m
[32m2018-12-17 16:30:02,430 [WAM] [INFO] thinkcmf no change[0m
[32m2018-12-17 16:30:04,559 [WAM] [INFO] yii2 no change[0m
[32m2018-12-17 16:30:05,664 [WAM] [INFO] ggffgg no change[0m
[32m2018-12-17 16:30:07,213 [WAM] [INFO] typecho no change[0m
[32m2018-12-17 16:30:07,214 [WAM] [INFO] sleep 30s[0m
[32m2018-12-17 16:30:37,216 [WAM] [INFO] rules length: 13[0m
[32m2018-12-17 16:30:37,384 [WAM] [INFO] 74cms no change[0m
[32m2018-12-17 16:30:37,516 [WAM] [INFO] destoon no change[0m
[32m2018-12-17 16:30:37,559 [WAM] [INFO] zzcms no change[0m
[32m2018-12-17 16:30:38,602 [WAM] [INFO] strut2 no change[0m
[32m2018-12-17 16:30:38,874 [WAM] [INFO] tpshop no change[0m
[32m2018-12-17 16:30:39,009 [WAM] [INFO] dedecms no change[0m
[32m2018-12-17 16:30:39,279 [WAM] [INFO] metinfo no change[0m
[32m2018-12-17 16:30:39,607 [WAM] [INFO] PBootcms no change[0m
[32m2018-12-17 16:30:41,448 [WAM] [INFO] thinkphp no change[0m
[32m2018-12-17 16:30:42,605 [WAM] [INFO] thinkcmf no change[0m
[32m2018-12-17 16:30:44,421 [WAM] [INFO] yii2 no change[0m
[32m2018-12-17 16:30:45,516 [WAM] [INFO] ggffgg no change[0m
[32m2018-12-17 16:30:46,989 [WAM] [INFO] typecho no change[0m
[32m2018-12-17 16:30:46,989 [WAM] [INFO] sleep 30s[0m
[32m2018-12-17 16:31:16,989 [WAM] [INFO] rules length: 13[0m
[32m2018-12-17 16:31:17,161 [WAM] [INFO] 74cms no change[0m
[32m2018-12-17 16:31:17,256 [WAM] [INFO] destoon no change[0m
[32m2018-12-17 16:31:17,325 [WAM] [INFO] zzcms no change[0m
[32m2018-12-17 16:31:18,375 [WAM] [INFO] strut2 no change[0m
[32m2018-12-17 16:31:18,658 [WAM] [INFO] tpshop no change[0m
[32m2018-12-17 16:31:18,867 [WAM] [INFO] dedecms no change[0m
[32m2018-12-17 16:31:19,066 [WAM] [INFO] metinfo no change[0m
[32m2018-12-17 16:31:19,427 [WAM] [INFO] PBootcms no change[0m
[32m2018-12-17 16:31:22,555 [WAM] [INFO] thinkphp no change[0m
[32m2018-12-17 16:31:25,609 [WAM] [INFO] thinkcmf no change[0m
[32m2018-12-17 16:31:28,966 [WAM] [INFO] yii2 no change[0m
[32m2018-12-17 16:31:31,766 [WAM] [INFO] ggffgg no change[0m
[32m2018-12-17 16:31:34,907 [WAM] [INFO] typecho no change[0m
[32m2018-12-17 16:31:34,907 [WAM] [INFO] sleep 30s[0m
[32m2018-12-17 16:32:04,907 [WAM] [INFO] rules length: 13[0m
[32m2018-12-17 16:32:05,073 [WAM] [INFO] 74cms no change[0m
[32m2018-12-17 16:32:05,137 [WAM] [INFO] destoon no change[0m
[32m2018-12-17 16:32:05,180 [WAM] [INFO] zzcms no change[0m
[32m2018-12-17 16:32:06,289 [WAM] [INFO] strut2 no change[0m
[32m2018-12-17 16:32:06,539 [WAM] [INFO] tpshop no change[0m
[32m2018-12-17 16:32:06,680 [WAM] [INFO] dedecms no change[0m
[32m2018-12-17 16:32:06,882 [WAM] [INFO] metinfo no change[0m
[32m2018-12-17 16:32:07,263 [WAM] [INFO] PBootcms no change[0m
[32m2018-12-17 16:32:10,240 [WAM] [INFO] thinkphp no change[0m
[32m2018-12-17 16:32:12,915 [WAM] [INFO] thinkcmf no change[0m
[32m2018-12-17 16:32:16,144 [WAM] [INFO] yii2 no change[0m
[32m2018-12-17 16:32:18,944 [WAM] [INFO] ggffgg no change[0m
[32m2018-12-17 16:32:21,913 [WAM] [INFO] typecho no change[0m
[32m2018-12-17 16:32:21,914 [WAM] [INFO] sleep 30s[0m
[32m2018-12-17 16:32:51,914 [WAM] [INFO] rules length: 13[0m
[32m2018-12-17 16:32:52,181 [WAM] [INFO] 74cms no change[0m
[32m2018-12-17 16:32:52,280 [WAM] [INFO] destoon no change[0m
[32m2018-12-17 16:32:52,325 [WAM] [INFO] zzcms no change[0m
[32m2018-12-17 16:32:53,426 [WAM] [INFO] strut2 no change[0m
[32m2018-12-17 16:32:53,709 [WAM] [INFO] tpshop no change[0m
[32m2018-12-17 16:32:53,898 [WAM] [INFO] dedecms no change[0m
[32m2018-12-17 16:32:54,115 [WAM] [INFO] metinfo no change[0m
[32m2018-12-17 16:32:54,542 [WAM] [INFO] PBootcms no change[0m
[32m2018-12-17 16:32:57,677 [WAM] [INFO] thinkphp no change[0m
[32m2018-12-17 16:33:01,312 [WAM] [INFO] thinkcmf no change[0m
[32m2018-12-17 16:33:04,272 [WAM] [INFO] yii2 no change[0m
[32m2018-12-17 16:33:06,660 [WAM] [INFO] ggffgg no change[0m
[32m2018-12-17 16:33:09,602 [WAM] [INFO] typecho no change[0m
[32m2018-12-17 16:33:09,602 [WAM] [INFO] sleep 30s[0m
[32m2018-12-17 16:33:39,604 [WAM] [INFO] rules length: 13[0m
[32m2018-12-17 16:33:39,793 [WAM] [INFO] 74cms no change[0m
[32m2018-12-17 16:33:39,884 [WAM] [INFO] destoon no change[0m
[32m2018-12-17 16:33:39,941 [WAM] [INFO] zzcms no change[0m
[32m2018-12-17 16:33:41,013 [WAM] [INFO] strut2 no change[0m
[32m2018-12-17 16:33:41,288 [WAM] [INFO] tpshop no change[0m
[32m2018-12-17 16:33:41,420 [WAM] [INFO] dedecms no change[0m
[32m2018-12-17 16:33:41,651 [WAM] [INFO] metinfo no change[0m
[32m2018-12-17 16:33:41,999 [WAM] [INFO] PBootcms no change[0m
[32m2018-12-17 16:33:44,892 [WAM] [INFO] thinkphp no change[0m
[32m2018-12-17 16:33:48,002 [WAM] [INFO] thinkcmf no change[0m
[32m2018-12-17 16:33:51,242 [WAM] [INFO] yii2 no change[0m
[32m2018-12-17 16:33:53,670 [WAM] [INFO] ggffgg no change[0m
[32m2018-12-17 16:33:56,542 [WAM] [INFO] typecho no change[0m
[32m2018-12-17 16:33:56,542 [WAM] [INFO] sleep 30s[0m
[32m2018-12-17 16:34:26,542 [WAM] [INFO] rules length: 13[0m
[32m2018-12-17 16:34:26,717 [WAM] [INFO] 74cms no change[0m
[32m2018-12-17 16:34:26,842 [WAM] [INFO] destoon no change[0m
[32m2018-12-17 16:34:26,911 [WAM] [INFO] zzcms no change[0m
[32m2018-12-17 16:34:27,956 [WAM] [INFO] strut2 no change[0m
[32m2018-12-17 16:34:28,227 [WAM] [INFO] tpshop no change[0m
[32m2018-12-17 16:34:28,576 [WAM] [INFO] dedecms no change[0m
[32m2018-12-17 16:34:28,779 [WAM] [INFO] metinfo no change[0m
[32m2018-12-17 16:34:30,934 [WAM] [INFO] PBootcms no change[0m
[32m2018-12-17 16:34:33,861 [WAM] [INFO] thinkphp no change[0m
[32m2018-12-17 16:34:36,770 [WAM] [INFO] thinkcmf no change[0m
[32m2018-12-17 16:34:40,479 [WAM] [INFO] yii2 no change[0m
[32m2018-12-17 16:34:43,029 [WAM] [INFO] ggffgg no change[0m
[32m2018-12-17 16:34:45,799 [WAM] [INFO] typecho no change[0m
[32m2018-12-17 16:34:45,799 [WAM] [INFO] sleep 30s[0m
[32m2018-12-17 16:35:15,799 [WAM] [INFO] rules length: 13[0m
[32m2018-12-17 16:35:15,963 [WAM] [INFO] 74cms no change[0m
[32m2018-12-17 16:35:16,082 [WAM] [INFO] destoon no change[0m
[32m2018-12-17 16:35:16,150 [WAM] [INFO] zzcms no change[0m
[32m2018-12-17 16:35:18,114 [WAM] [INFO] strut2 no change[0m
[32m2018-12-17 16:35:18,358 [WAM] [INFO] tpshop no change[0m
[32m2018-12-17 16:35:18,727 [WAM] [INFO] dedecms no change[0m
[32m2018-12-17 16:35:18,974 [WAM] [INFO] metinfo no change[0m
[32m2018-12-17 16:35:19,377 [WAM] [INFO] PBootcms no change[0m
[32m2018-12-17 16:35:22,071 [WAM] [INFO] thinkphp no change[0m
[32m2018-12-17 16:35:24,815 [WAM] [INFO] thinkcmf no change[0m
[32m2018-12-17 16:35:27,634 [WAM] [INFO] yii2 no change[0m
[32m2018-12-17 16:35:30,095 [WAM] [INFO] ggffgg no change[0m
[32m2018-12-17 16:35:33,071 [WAM] [INFO] typecho no change[0m
[32m2018-12-17 16:35:33,072 [WAM] [INFO] sleep 30s[0m
[32m2018-12-17 16:36:03,073 [WAM] [INFO] rules length: 13[0m
[32m2018-12-17 16:36:03,262 [WAM] [INFO] 74cms no change[0m
[32m2018-12-17 16:36:03,328 [WAM] [INFO] destoon no change[0m
[32m2018-12-17 16:36:03,404 [WAM] [INFO] zzcms no change[0m
[32m2018-12-17 16:36:04,486 [WAM] [INFO] strut2 no change[0m
[32m2018-12-17 16:36:04,724 [WAM] [INFO] tpshop no change[0m
[32m2018-12-17 16:36:04,868 [WAM] [INFO] dedecms no change[0m
[32m2018-12-17 16:36:05,081 [WAM] [INFO] metinfo no change[0m
[32m2018-12-17 16:36:05,828 [WAM] [INFO] PBootcms no change[0m
[32m2018-12-17 16:36:08,846 [WAM] [INFO] thinkphp no change[0m
[32m2018-12-17 16:36:11,792 [WAM] [INFO] thinkcmf no change[0m
[32m2018-12-17 16:36:14,694 [WAM] [INFO] yii2 no change[0m
[32m2018-12-17 16:36:17,459 [WAM] [INFO] ggffgg no change[0m
[32m2018-12-17 16:36:20,140 [WAM] [INFO] typecho no change[0m
[32m2018-12-17 16:36:20,140 [WAM] [INFO] sleep 30s[0m
[32m2018-12-17 16:36:50,141 [WAM] [INFO] rules length: 13[0m
[32m2018-12-17 16:36:50,313 [WAM] [INFO] 74cms no change[0m
[32m2018-12-17 16:36:50,430 [WAM] [INFO] destoon no change[0m
[32m2018-12-17 16:36:50,505 [WAM] [INFO] zzcms no change[0m
[32m2018-12-17 16:36:51,538 [WAM] [INFO] strut2 no change[0m
[32m2018-12-17 16:36:51,690 [WAM] [INFO] tpshop no change[0m
[32m2018-12-17 16:36:52,138 [WAM] [INFO] dedecms no change[0m
[32m2018-12-17 16:36:52,345 [WAM] [INFO] metinfo no change[0m
[32m2018-12-17 16:36:53,061 [WAM] [INFO] PBootcms no change[0m
[32m2018-12-17 16:36:56,193 [WAM] [INFO] thinkphp no change[0m
[32m2018-12-17 16:36:58,895 [WAM] [INFO] thinkcmf no change[0m
[32m2018-12-17 16:37:02,036 [WAM] [INFO] yii2 no change[0m
[32m2018-12-17 16:37:04,698 [WAM] [INFO] ggffgg no change[0m
[32m2018-12-17 16:37:08,140 [WAM] [INFO] typecho no change[0m
[32m2018-12-17 16:37:08,140 [WAM] [INFO] sleep 30s[0m
[32m2018-12-17 16:37:38,141 [WAM] [INFO] rules length: 13[0m
[32m2018-12-17 16:37:38,318 [WAM] [INFO] 74cms no change[0m
[32m2018-12-17 16:37:38,414 [WAM] [INFO] destoon no change[0m
[32m2018-12-17 16:37:38,473 [WAM] [INFO] zzcms no change[0m
[32m2018-12-17 16:37:39,553 [WAM] [INFO] strut2 no change[0m
[32m2018-12-17 16:37:39,813 [WAM] [INFO] tpshop no change[0m
[32m2018-12-17 16:37:39,971 [WAM] [INFO] dedecms no change[0m
[32m2018-12-17 16:37:40,181 [WAM] [INFO] metinfo no change[0m
[32m2018-12-17 16:37:40,894 [WAM] [INFO] PBootcms no change[0m
[32m2018-12-17 16:37:44,352 [WAM] [INFO] thinkphp no change[0m
[32m2018-12-17 16:37:47,184 [WAM] [INFO] thinkcmf no change[0m
[32m2018-12-17 16:37:50,286 [WAM] [INFO] yii2 no change[0m
[32m2018-12-17 16:37:52,875 [WAM] [INFO] ggffgg no change[0m
[32m2018-12-17 16:37:56,267 [WAM] [INFO] typecho no change[0m
[32m2018-12-17 16:37:56,267 [WAM] [INFO] sleep 30s[0m
[32m2018-12-17 16:38:26,269 [WAM] [INFO] rules length: 13[0m
[32m2018-12-17 16:38:26,450 [WAM] [INFO] 74cms no change[0m
[32m2018-12-17 16:38:26,510 [WAM] [INFO] destoon no change[0m
[32m2018-12-17 16:38:27,700 [WAM] [INFO] zzcms no change[0m
[32m2018-12-17 16:38:28,733 [WAM] [INFO] strut2 no change[0m
[32m2018-12-17 16:38:29,019 [WAM] [INFO] tpshop no change[0m
[32m2018-12-17 16:38:29,193 [WAM] [INFO] dedecms no change[0m
[32m2018-12-17 16:38:29,677 [WAM] [INFO] metinfo no change[0m
[32m2018-12-17 16:38:30,391 [WAM] [INFO] PBootcms no change[0m
[32m2018-12-17 16:38:33,516 [WAM] [INFO] thinkphp no change[0m
[32m2018-12-17 16:38:36,150 [WAM] [INFO] thinkcmf no change[0m
[32m2018-12-17 16:38:39,197 [WAM] [INFO] yii2 no change[0m
[32m2018-12-17 16:38:41,618 [WAM] [INFO] ggffgg no change[0m
[32m2018-12-17 16:38:44,542 [WAM] [INFO] typecho no change[0m
[32m2018-12-17 16:38:44,542 [WAM] [INFO] sleep 30s[0m
[32m2018-12-17 16:39:14,543 [WAM] [INFO] rules length: 13[0m
[32m2018-12-17 16:39:14,723 [WAM] [INFO] 74cms no change[0m
[32m2018-12-17 16:39:14,819 [WAM] [INFO] destoon no change[0m
[32m2018-12-17 16:39:14,875 [WAM] [INFO] zzcms no change[0m
[32m2018-12-17 16:39:15,907 [WAM] [INFO] strut2 no change[0m
[32m2018-12-17 16:39:16,233 [WAM] [INFO] tpshop no change[0m
[32m2018-12-17 16:39:16,355 [WAM] [INFO] dedecms no change[0m
[32m2018-12-17 16:39:16,584 [WAM] [INFO] metinfo no change[0m
[32m2018-12-17 16:39:16,921 [WAM] [INFO] PBootcms no change[0m
[32m2018-12-17 16:39:20,349 [WAM] [INFO] thinkphp no change[0m
[32m2018-12-17 16:39:23,144 [WAM] [INFO] thinkcmf no change[0m
[32m2018-12-17 16:39:26,134 [WAM] [INFO] yii2 no change[0m
[32m2018-12-17 16:39:28,490 [WAM] [INFO] ggffgg no change[0m
[32m2018-12-17 16:39:31,539 [WAM] [INFO] typecho no change[0m
[32m2018-12-17 16:39:31,539 [WAM] [INFO] sleep 30s[0m
[32m2018-12-17 16:40:01,539 [WAM] [INFO] rules length: 13[0m
[32m2018-12-17 16:40:01,720 [WAM] [INFO] 74cms no change[0m
[32m2018-12-17 16:40:01,822 [WAM] [INFO] destoon no change[0m
[32m2018-12-17 16:40:01,921 [WAM] [INFO] zzcms no change[0m
[32m2018-12-17 16:40:02,983 [WAM] [INFO] strut2 no change[0m
[32m2018-12-17 16:40:03,223 [WAM] [INFO] tpshop no change[0m
[32m2018-12-17 16:40:03,848 [WAM] [INFO] dedecms no change[0m
[32m2018-12-17 16:40:04,046 [WAM] [INFO] metinfo no change[0m
[32m2018-12-17 16:40:04,408 [WAM] [INFO] PBootcms no change[0m
[32m2018-12-17 16:40:07,240 [WAM] [INFO] thinkphp no change[0m
[32m2018-12-17 16:40:09,930 [WAM] [INFO] thinkcmf no change[0m
[32m2018-12-17 16:40:13,568 [WAM] [INFO] yii2 no change[0m
[32m2018-12-17 16:40:16,150 [WAM] [INFO] ggffgg no change[0m
[32m2018-12-17 16:40:19,763 [WAM] [INFO] typecho no change[0m
[32m2018-12-17 16:40:19,763 [WAM] [INFO] sleep 30s[0m
[32m2018-12-17 16:40:49,763 [WAM] [INFO] rules length: 13[0m
[32m2018-12-17 16:40:49,992 [WAM] [INFO] 74cms no change[0m
[32m2018-12-17 16:40:50,121 [WAM] [INFO] destoon no change[0m
[32m2018-12-17 16:40:50,177 [WAM] [INFO] zzcms no change[0m
[32m2018-12-17 16:40:54,210 [WAM] [INFO] strut2 no change[0m
[32m2018-12-17 16:40:54,499 [WAM] [INFO] tpshop no change[0m
[32m2018-12-17 16:40:54,678 [WAM] [INFO] dedecms no change[0m
[32m2018-12-17 16:40:54,872 [WAM] [INFO] metinfo no change[0m
[32m2018-12-17 16:40:55,644 [WAM] [INFO] PBootcms no change[0m
[32m2018-12-17 16:40:58,614 [WAM] [INFO] thinkphp no change[0m
[32m2018-12-17 16:41:01,336 [WAM] [INFO] thinkcmf no change[0m
[32m2018-12-17 16:41:02,917 [WAM] [INFO] yii2 no change[0m
[32m2018-12-17 16:41:03,937 [WAM] [INFO] ggffgg no change[0m
[32m2018-12-17 16:41:05,933 [WAM] [INFO] typecho no change[0m
[32m2018-12-17 16:41:05,934 [WAM] [INFO] sleep 30s[0m
[32m2018-12-17 16:41:35,934 [WAM] [INFO] rules length: 13[0m
[32m2018-12-17 16:41:36,104 [WAM] [INFO] 74cms no change[0m
[32m2018-12-17 16:41:36,178 [WAM] [INFO] destoon no change[0m
[32m2018-12-17 16:41:36,250 [WAM] [INFO] zzcms no change[0m
[32m2018-12-17 16:41:37,285 [WAM] [INFO] strut2 no change[0m
[32m2018-12-17 16:41:37,506 [WAM] [INFO] tpshop no change[0m
[32m2018-12-17 16:41:37,650 [WAM] [INFO] dedecms no change[0m
[32m2018-12-17 16:41:37,865 [WAM] [INFO] metinfo no change[0m
[32m2018-12-17 16:41:38,204 [WAM] [INFO] PBootcms no change[0m
[32m2018-12-17 16:41:39,987 [WAM] [INFO] thinkphp no change[0m
[32m2018-12-17 16:41:41,858 [WAM] [INFO] thinkcmf no change[0m
[32m2018-12-17 16:41:44,151 [WAM] [INFO] yii2 no change[0m
[32m2018-12-17 16:41:45,082 [WAM] [INFO] ggffgg no change[0m
[32m2018-12-17 16:41:46,315 [WAM] [INFO] typecho no change[0m
[32m2018-12-17 16:41:46,315 [WAM] [INFO] sleep 30s[0m
[32m2018-12-17 16:42:16,315 [WAM] [INFO] rules length: 13[0m
[32m2018-12-17 16:42:16,493 [WAM] [INFO] 74cms no change[0m
[32m2018-12-17 16:42:16,640 [WAM] [INFO] destoon no change[0m
[32m2018-12-17 16:42:16,696 [WAM] [INFO] zzcms no change[0m
[32m2018-12-17 16:42:17,778 [WAM] [INFO] strut2 no change[0m
[32m2018-12-17 16:42:18,065 [WAM] [INFO] tpshop no change[0m
[32m2018-12-17 16:42:18,194 [WAM] [INFO] dedecms no change[0m
[32m2018-12-17 16:42:18,407 [WAM] [INFO] metinfo no change[0m
[32m2018-12-17 16:42:19,900 [WAM] [INFO] PBootcms no change[0m
[32m2018-12-17 16:42:21,427 [WAM] [INFO] thinkphp no change[0m
[32m2018-12-17 16:42:23,092 [WAM] [INFO] thinkcmf no change[0m
[32m2018-12-17 16:42:24,596 [WAM] [INFO] yii2 no change[0m
[32m2018-12-17 16:42:25,602 [WAM] [INFO] ggffgg no change[0m
[32m2018-12-17 16:42:26,957 [WAM] [INFO] typecho no change[0m
[32m2018-12-17 16:42:26,957 [WAM] [INFO] sleep 30s[0m
[32m2018-12-17 16:42:56,957 [WAM] [INFO] rules length: 13[0m
[32m2018-12-17 16:42:57,591 [WAM] [INFO] 74cms no change[0m
[32m2018-12-17 16:42:57,696 [WAM] [INFO] destoon no change[0m
[32m2018-12-17 16:42:57,772 [WAM] [INFO] zzcms no change[0m
[32m2018-12-17 16:42:58,855 [WAM] [INFO] strut2 no change[0m
[32m2018-12-17 16:42:59,121 [WAM] [INFO] tpshop no change[0m
[32m2018-12-17 16:42:59,328 [WAM] [INFO] dedecms no change[0m
[32m2018-12-17 16:42:59,532 [WAM] [INFO] metinfo no change[0m
[32m2018-12-17 16:43:00,421 [WAM] [INFO] PBootcms no change[0m
[32m2018-12-17 16:43:02,115 [WAM] [INFO] thinkphp no change[0m
[32m2018-12-17 16:43:03,872 [WAM] [INFO] thinkcmf no change[0m
[32m2018-12-17 16:43:05,262 [WAM] [INFO] yii2 no change[0m
[32m2018-12-17 16:43:06,398 [WAM] [INFO] ggffgg no change[0m
[32m2018-12-17 16:43:08,217 [WAM] [INFO] typecho no change[0m
[32m2018-12-17 16:43:08,217 [WAM] [INFO] sleep 30s[0m
[32m2018-12-17 16:43:38,217 [WAM] [INFO] rules length: 13[0m
[32m2018-12-17 16:43:38,391 [WAM] [INFO] 74cms no change[0m
[32m2018-12-17 16:43:38,510 [WAM] [INFO] destoon no change[0m
[32m2018-12-17 16:43:38,581 [WAM] [INFO] zzcms no change[0m
[32m2018-12-17 16:43:39,608 [WAM] [INFO] strut2 no change[0m
[32m2018-12-17 16:43:39,848 [WAM] [INFO] tpshop no change[0m
[32m2018-12-17 16:43:40,091 [WAM] [INFO] dedecms no change[0m
[32m2018-12-17 16:43:40,308 [WAM] [INFO] metinfo no change[0m
[32m2018-12-17 16:43:40,647 [WAM] [INFO] PBootcms no change[0m
[32m2018-12-17 16:43:41,940 [WAM] [INFO] thinkphp no change[0m
[32m2018-12-17 16:43:43,325 [WAM] [INFO] thinkcmf no change[0m
[32m2018-12-17 16:43:44,898 [WAM] [INFO] yii2 no change[0m
[32m2018-12-17 16:43:45,921 [WAM] [INFO] ggffgg no change[0m
[32m2018-12-17 16:43:47,266 [WAM] [INFO] typecho no change[0m
[32m2018-12-17 16:43:47,266 [WAM] [INFO] sleep 30s[0m
[32m2018-12-17 16:44:17,266 [WAM] [INFO] rules length: 13[0m
[32m2018-12-17 16:44:17,450 [WAM] [INFO] 74cms no change[0m
[32m2018-12-17 16:44:17,517 [WAM] [INFO] destoon no change[0m
[32m2018-12-17 16:44:17,594 [WAM] [INFO] zzcms no change[0m
[32m2018-12-17 16:44:18,611 [WAM] [INFO] strut2 no change[0m
[32m2018-12-17 16:44:18,924 [WAM] [INFO] tpshop no change[0m
[32m2018-12-17 16:44:19,076 [WAM] [INFO] dedecms no change[0m
[32m2018-12-17 16:44:19,296 [WAM] [INFO] metinfo no change[0m
[32m2018-12-17 16:44:19,694 [WAM] [INFO] PBootcms no change[0m
[32m2018-12-17 16:44:21,509 [WAM] [INFO] thinkphp no change[0m
[32m2018-12-17 16:44:22,717 [WAM] [INFO] thinkcmf no change[0m
[32m2018-12-17 16:44:24,572 [WAM] [INFO] yii2 no change[0m
[32m2018-12-17 16:44:25,869 [WAM] [INFO] ggffgg no change[0m
[32m2018-12-17 16:44:27,977 [WAM] [INFO] typecho no change[0m
[32m2018-12-17 16:44:27,977 [WAM] [INFO] sleep 30s[0m
[32m2018-12-17 16:44:57,979 [WAM] [INFO] rules length: 13[0m
[32m2018-12-17 16:44:58,155 [WAM] [INFO] 74cms no change[0m
[32m2018-12-17 16:44:58,217 [WAM] [INFO] destoon no change[0m
[32m2018-12-17 16:44:58,328 [WAM] [INFO] zzcms no change[0m
[32m2018-12-17 16:44:59,371 [WAM] [INFO] strut2 no change[0m
[32m2018-12-17 16:44:59,575 [WAM] [INFO] tpshop no change[0m
[32m2018-12-17 16:44:59,770 [WAM] [INFO] dedecms no change[0m
[32m2018-12-17 16:44:59,980 [WAM] [INFO] metinfo no change[0m
[32m2018-12-17 16:45:00,332 [WAM] [INFO] PBootcms no change[0m
[32m2018-12-17 16:45:01,621 [WAM] [INFO] thinkphp no change[0m
[32m2018-12-17 16:45:03,536 [WAM] [INFO] thinkcmf no change[0m
[32m2018-12-17 16:45:05,020 [WAM] [INFO] yii2 no change[0m
[32m2018-12-17 16:45:06,075 [WAM] [INFO] ggffgg no change[0m
[32m2018-12-17 16:45:07,776 [WAM] [INFO] typecho no change[0m
[32m2018-12-17 16:45:07,776 [WAM] [INFO] sleep 30s[0m
[32m2018-12-17 16:45:37,778 [WAM] [INFO] rules length: 13[0m
[32m2018-12-17 16:45:37,961 [WAM] [INFO] 74cms no change[0m
[32m2018-12-17 16:45:38,059 [WAM] [INFO] destoon no change[0m
[32m2018-12-17 16:45:38,104 [WAM] [INFO] zzcms no change[0m
[32m2018-12-17 16:45:39,135 [WAM] [INFO] strut2 no change[0m
[32m2018-12-17 16:45:39,315 [WAM] [INFO] tpshop no change[0m
[32m2018-12-17 16:45:39,506 [WAM] [INFO] dedecms no change[0m
[32m2018-12-17 16:45:39,785 [WAM] [INFO] metinfo no change[0m
[32m2018-12-17 16:45:40,125 [WAM] [INFO] PBootcms no change[0m
[32m2018-12-17 16:45:41,674 [WAM] [INFO] thinkphp no change[0m
[32m2018-12-17 16:45:43,660 [WAM] [INFO] thinkcmf no change[0m
[32m2018-12-17 16:45:45,138 [WAM] [INFO] yii2 no change[0m
[32m2018-12-17 16:45:46,194 [WAM] [INFO] ggffgg no change[0m
[32m2018-12-17 16:45:48,124 [WAM] [INFO] typecho no change[0m
[32m2018-12-17 16:45:48,124 [WAM] [INFO] sleep 30s[0m
[32m2018-12-17 16:46:18,125 [WAM] [INFO] rules length: 13[0m
[32m2018-12-17 16:46:18,305 [WAM] [INFO] 74cms no change[0m
[32m2018-12-17 16:46:18,397 [WAM] [INFO] destoon no change[0m
[32m2018-12-17 16:46:18,440 [WAM] [INFO] zzcms no change[0m
[32m2018-12-17 16:46:19,506 [WAM] [INFO] strut2 no change[0m
[32m2018-12-17 16:46:19,785 [WAM] [INFO] tpshop no change[0m
[32m2018-12-17 16:46:19,947 [WAM] [INFO] dedecms no change[0m
[32m2018-12-17 16:46:20,154 [WAM] [INFO] metinfo no change[0m
[32m2018-12-17 16:46:20,486 [WAM] [INFO] PBootcms no change[0m
[32m2018-12-17 16:46:22,085 [WAM] [INFO] thinkphp no change[0m
[32m2018-12-17 16:46:23,342 [WAM] [INFO] thinkcmf no change[0m
[32m2018-12-17 16:46:25,200 [WAM] [INFO] yii2 no change[0m
[32m2018-12-17 16:46:26,147 [WAM] [INFO] ggffgg no change[0m
[32m2018-12-17 16:46:27,522 [WAM] [INFO] typecho no change[0m
[32m2018-12-17 16:46:27,522 [WAM] [INFO] sleep 30s[0m
[32m2018-12-17 16:46:57,523 [WAM] [INFO] rules length: 13[0m
[32m2018-12-17 16:46:57,709 [WAM] [INFO] 74cms no change[0m
[32m2018-12-17 16:46:57,767 [WAM] [INFO] destoon no change[0m
[32m2018-12-17 16:46:57,811 [WAM] [INFO] zzcms no change[0m
[32m2018-12-17 16:46:58,846 [WAM] [INFO] strut2 no change[0m
[32m2018-12-17 16:46:59,131 [WAM] [INFO] tpshop no change[0m
[32m2018-12-17 16:46:59,315 [WAM] [INFO] dedecms no change[0m
[32m2018-12-17 16:46:59,520 [WAM] [INFO] metinfo no change[0m
[32m2018-12-17 16:46:59,905 [WAM] [INFO] PBootcms no change[0m
[32m2018-12-17 16:47:01,421 [WAM] [INFO] thinkphp no change[0m
[32m2018-12-17 16:47:03,378 [WAM] [INFO] thinkcmf no change[0m
[32m2018-12-17 16:47:05,558 [WAM] [INFO] yii2 no change[0m
[32m2018-12-17 16:47:07,187 [WAM] [INFO] ggffgg no change[0m
[32m2018-12-17 16:47:08,770 [WAM] [INFO] typecho no change[0m
[32m2018-12-17 16:47:08,770 [WAM] [INFO] sleep 30s[0m
[32m2018-12-17 16:47:38,770 [WAM] [INFO] rules length: 13[0m
[32m2018-12-17 16:47:38,930 [WAM] [INFO] 74cms no change[0m
[32m2018-12-17 16:47:39,030 [WAM] [INFO] destoon no change[0m
[32m2018-12-17 16:47:39,072 [WAM] [INFO] zzcms no change[0m
[32m2018-12-17 16:47:40,168 [WAM] [INFO] strut2 no change[0m
[32m2018-12-17 16:47:40,436 [WAM] [INFO] tpshop no change[0m
[32m2018-12-17 16:47:40,628 [WAM] [INFO] dedecms no change[0m
[32m2018-12-17 16:47:40,823 [WAM] [INFO] metinfo no change[0m
[32m2018-12-17 16:47:41,164 [WAM] [INFO] PBootcms no change[0m
[32m2018-12-17 16:47:42,565 [WAM] [INFO] thinkphp no change[0m
[32m2018-12-17 16:47:43,844 [WAM] [INFO] thinkcmf no change[0m
[32m2018-12-17 16:47:45,799 [WAM] [INFO] yii2 no change[0m
[32m2018-12-17 16:47:46,911 [WAM] [INFO] ggffgg no change[0m
[32m2018-12-17 16:47:48,355 [WAM] [INFO] typecho no change[0m
[32m2018-12-17 16:47:48,355 [WAM] [INFO] sleep 30s[0m
[32m2018-12-17 16:48:18,355 [WAM] [INFO] rules length: 13[0m
[32m2018-12-17 16:48:18,556 [WAM] [INFO] 74cms no change[0m
[32m2018-12-17 16:48:18,653 [WAM] [INFO] destoon no change[0m
[32m2018-12-17 16:48:18,709 [WAM] [INFO] zzcms no change[0m
[32m2018-12-17 16:48:19,733 [WAM] [INFO] strut2 no change[0m
[32m2018-12-17 16:48:20,048 [WAM] [INFO] tpshop no change[0m
[32m2018-12-17 16:48:20,217 [WAM] [INFO] dedecms no change[0m
[32m2018-12-17 16:48:20,418 [WAM] [INFO] metinfo no change[0m
[32m2018-12-17 16:48:20,766 [WAM] [INFO] PBootcms no change[0m
[32m2018-12-17 16:48:22,319 [WAM] [INFO] thinkphp no change[0m
[32m2018-12-17 16:48:24,401 [WAM] [INFO] thinkcmf no change[0m
[32m2018-12-17 16:48:25,901 [WAM] [INFO] yii2 no change[0m
[32m2018-12-17 16:48:26,996 [WAM] [INFO] ggffgg no change[0m
[32m2018-12-17 16:48:28,470 [WAM] [INFO] typecho no change[0m
[32m2018-12-17 16:48:28,470 [WAM] [INFO] sleep 30s[0m
[32m2018-12-17 16:48:58,470 [WAM] [INFO] rules length: 13[0m
[32m2018-12-17 16:48:58,650 [WAM] [INFO] 74cms no change[0m
[32m2018-12-17 16:49:03,755 [WAM] [INFO] destoon no change[0m
[32m2018-12-17 16:49:03,812 [WAM] [INFO] zzcms no change[0m
[32m2018-12-17 16:49:04,910 [WAM] [INFO] strut2 no change[0m
[32m2018-12-17 16:49:05,194 [WAM] [INFO] tpshop no change[0m
[32m2018-12-17 16:49:05,776 [WAM] [INFO] dedecms no change[0m
[32m2018-12-17 16:49:05,979 [WAM] [INFO] metinfo no change[0m
[32m2018-12-17 16:49:06,734 [WAM] [INFO] PBootcms no change[0m
[32m2018-12-17 16:49:08,210 [WAM] [INFO] thinkphp no change[0m
[32m2018-12-17 16:49:09,642 [WAM] [INFO] thinkcmf no change[0m
[32m2018-12-17 16:49:11,553 [WAM] [INFO] yii2 no change[0m
[32m2018-12-17 16:49:12,532 [WAM] [INFO] ggffgg no change[0m
[32m2018-12-17 16:49:13,956 [WAM] [INFO] typecho no change[0m
[32m2018-12-17 16:49:13,956 [WAM] [INFO] sleep 30s[0m
[32m2018-12-17 16:49:43,957 [WAM] [INFO] rules length: 13[0m
[32m2018-12-17 16:49:44,144 [WAM] [INFO] 74cms no change[0m
[32m2018-12-17 16:49:44,240 [WAM] [INFO] destoon no change[0m
[32m2018-12-17 16:49:44,299 [WAM] [INFO] zzcms no change[0m
[32m2018-12-17 16:49:45,367 [WAM] [INFO] strut2 no change[0m
[32m2018-12-17 16:49:45,690 [WAM] [INFO] tpshop no change[0m
[32m2018-12-17 16:49:45,822 [WAM] [INFO] dedecms no change[0m
[32m2018-12-17 16:49:46,032 [WAM] [INFO] metinfo no change[0m
[32m2018-12-17 16:49:46,359 [WAM] [INFO] PBootcms no change[0m
[32m2018-12-17 16:49:47,954 [WAM] [INFO] thinkphp no change[0m
[32m2018-12-17 16:49:49,131 [WAM] [INFO] thinkcmf no change[0m
[32m2018-12-17 16:49:50,658 [WAM] [INFO] yii2 no change[0m
[32m2018-12-17 16:49:52,444 [WAM] [INFO] ggffgg no change[0m
[32m2018-12-17 16:49:54,016 [WAM] [INFO] typecho no change[0m
[32m2018-12-17 16:49:54,017 [WAM] [INFO] sleep 30s[0m
[32m2018-12-17 16:50:24,017 [WAM] [INFO] rules length: 13[0m
[32m2018-12-17 16:50:24,190 [WAM] [INFO] 74cms no change[0m
[32m2018-12-17 16:50:24,295 [WAM] [INFO] destoon no change[0m
[32m2018-12-17 16:50:24,368 [WAM] [INFO] zzcms no change[0m
[32m2018-12-17 16:50:25,407 [WAM] [INFO] strut2 no change[0m
[32m2018-12-17 16:50:25,657 [WAM] [INFO] tpshop no change[0m
[32m2018-12-17 16:50:25,801 [WAM] [INFO] dedecms no change[0m
[32m2018-12-17 16:50:26,005 [WAM] [INFO] metinfo no change[0m
[32m2018-12-17 16:50:26,334 [WAM] [INFO] PBootcms no change[0m
[32m2018-12-17 16:50:27,625 [WAM] [INFO] thinkphp no change[0m
[32m2018-12-17 16:50:28,773 [WAM] [INFO] thinkcmf no change[0m
[32m2018-12-17 16:50:30,345 [WAM] [INFO] yii2 no change[0m
[32m2018-12-17 16:50:31,345 [WAM] [INFO] ggffgg no change[0m
[32m2018-12-17 16:50:32,727 [WAM] [INFO] typecho no change[0m
[32m2018-12-17 16:50:32,729 [WAM] [INFO] sleep 30s[0m
[32m2018-12-17 16:51:02,729 [WAM] [INFO] rules length: 13[0m
[32m2018-12-17 16:51:02,904 [WAM] [INFO] 74cms no change[0m
[32m2018-12-17 16:51:03,023 [WAM] [INFO] destoon no change[0m
[32m2018-12-17 16:51:03,078 [WAM] [INFO] zzcms no change[0m
[31m2018-12-17 16:51:04,226 [WAM] [ERROR] wrong selector[0m
[32m2018-12-17 17:18:46,605 [WAM] [INFO] rules length: 10[0m
[32m2018-12-17 17:18:47,085 [WAM] [INFO] 74cms no change[0m
[32m2018-12-17 17:18:47,214 [WAM] [INFO] destoon no change[0m
[32m2018-12-17 17:18:47,292 [WAM] [INFO] zzcms no change[0m
[32m2018-12-17 17:18:48,586 [WAM] [INFO] 添加新的监控app:phpmyadmin[0m
[32m2018-12-17 17:18:49,622 [WAM] [INFO] strut2 no change[0m
[32m2018-12-17 17:18:49,973 [WAM] [INFO] tpshop no change[0m
[32m2018-12-17 17:18:50,141 [WAM] [INFO] dedecms no change[0m
[31m2018-12-17 17:18:51,796 [WAM] [ERROR] wrong selector[0m
[32m2018-12-17 17:24:52,551 [WAM] [INFO] rules length: 10[0m
[32m2018-12-17 17:24:52,756 [WAM] [INFO] 74cms no change[0m
[32m2018-12-17 17:24:52,822 [WAM] [INFO] destoon no change[0m
[32m2018-12-17 17:24:53,069 [WAM] [INFO] zzcms no change[0m
[33m2018-12-17 17:24:54,391 [WAM] [WARNING] phpmyadmin has update[0m
[31m[47m2018-12-17 17:24:54,913 [WAM] [CRITICAL] Send mail failed[0m
[32m2018-12-17 17:24:55,993 [WAM] [INFO] strut2 no change[0m
[32m2018-12-17 17:24:56,381 [WAM] [INFO] tpshop no change[0m
[32m2018-12-17 17:24:56,651 [WAM] [INFO] dedecms no change[0m
[31m2018-12-17 17:24:58,000 [WAM] [ERROR] wrong selector[0m
[31m[47m2018-12-17 17:37:09,401 [WAM] [CRITICAL] get rules failed, rule types not found![0m
[32m2018-12-17 17:37:14,354 [WAM] [INFO] rules length: 18[0m
[32m2018-12-17 17:37:14,526 [WAM] [INFO] 74cms no change[0m
[32m2018-12-17 17:37:14,591 [WAM] [INFO] destoon no change[0m
[32m2018-12-17 17:37:14,664 [WAM] [INFO] zzcms no change[0m
[33m2018-12-17 17:37:16,364 [WAM] [WARNING] phpmyadmin has update[0m
[31m[47m2018-12-17 17:37:16,868 [WAM] [CRITICAL] Send mail failed[0m
[32m2018-12-17 17:37:19,542 [WAM] [INFO] 添加新的监控app:drupal[0m
[32m2018-12-17 17:37:20,598 [WAM] [INFO] strut2 no change[0m
[32m2018-12-17 17:37:21,736 [WAM] [INFO] 添加新的监控app:joomla!3[0m
[32m2018-12-17 17:37:22,051 [WAM] [INFO] tpshop no change[0m
[32m2018-12-17 17:37:22,214 [WAM] [INFO] dedecms no change[0m
[32m2018-12-17 17:37:26,898 [WAM] [INFO] 添加新的监控app:wordpress[0m
[32m2018-12-17 17:37:27,148 [WAM] [INFO] metinfo no change[0m
[32m2018-12-17 17:37:28,868 [WAM] [INFO] 添加新的监控app:ckeditor4[0m
[32m2018-12-17 17:37:29,257 [WAM] [INFO] PBootcms no change[0m
[32m2018-12-17 17:37:31,142 [WAM] [INFO] thinkphp no change[0m
[32m2018-12-17 17:37:32,474 [WAM] [INFO] thinkcmf no change[0m
[32m2018-12-17 17:37:34,163 [WAM] [INFO] yii2 no change[0m
[32m2018-12-17 17:37:35,388 [WAM] [INFO] ggffgg no change[0m
[32m2018-12-17 17:37:36,989 [WAM] [INFO] typecho no change[0m
[32m2018-12-17 17:37:36,990 [WAM] [INFO] sleep 30s[0m
[31m[47m2018-12-17 17:37:56,243 [WAM] [CRITICAL] get rules failed, rule types not found![0m
[32m2018-12-17 17:37:58,213 [WAM] [INFO] rules length: 18[0m
[32m2018-12-17 17:37:58,388 [WAM] [INFO] 74cms no change[0m
[32m2018-12-17 17:37:58,453 [WAM] [INFO] destoon no change[0m
[32m2018-12-17 17:37:58,523 [WAM] [INFO] zzcms no change[0m
[32m2018-12-17 17:38:00,069 [WAM] [INFO] 添加新的监控app:phpmyadmin[0m
[32m2018-12-17 17:38:01,315 [WAM] [INFO] drupal no change[0m
[32m2018-12-17 17:38:02,384 [WAM] [INFO] strut2 no change[0m
[32m2018-12-17 17:38:03,966 [WAM] [INFO] joomla!3 no change[0m
[32m2018-12-17 17:38:04,247 [WAM] [INFO] tpshop no change[0m
[32m2018-12-17 17:38:04,413 [WAM] [INFO] dedecms no change[0m
[32m2018-12-17 17:38:14,651 [WAM] [INFO] wordpress no change[0m
[32m2018-12-17 17:38:14,857 [WAM] [INFO] metinfo no change[0m
[32m2018-12-17 17:38:16,259 [WAM] [INFO] ckeditor4 no change[0m
[32m2018-12-17 17:38:16,596 [WAM] [INFO] PBootcms no change[0m
[32m2018-12-17 17:38:17,901 [WAM] [INFO] thinkphp no change[0m
[32m2018-12-17 17:38:19,153 [WAM] [INFO] thinkcmf no change[0m
[32m2018-12-17 17:38:20,476 [WAM] [INFO] yii2 no change[0m
[32m2018-12-17 17:38:21,665 [WAM] [INFO] ggffgg no change[0m
[32m2018-12-17 17:38:22,937 [WAM] [INFO] typecho no change[0m
[32m2018-12-17 17:38:22,938 [WAM] [INFO] sleep 30s[0m
[32m2018-12-17 17:38:25,736 [WAM] [INFO] rules length: 18[0m
[32m2018-12-17 17:38:25,917 [WAM] [INFO] 74cms no change[0m
[32m2018-12-17 17:38:26,026 [WAM] [INFO] destoon no change[0m
[32m2018-12-17 17:38:26,095 [WAM] [INFO] zzcms no change[0m
[32m2018-12-17 17:38:27,614 [WAM] [INFO] phpmyadmin no change[0m
[32m2018-12-17 17:38:29,697 [WAM] [INFO] drupal no change[0m
[32m2018-12-17 17:38:30,729 [WAM] [INFO] strut2 no change[0m
[32m2018-12-17 17:38:31,848 [WAM] [INFO] joomla!3 no change[0m
[32m2018-12-17 17:38:32,072 [WAM] [INFO] tpshop no change[0m
[32m2018-12-17 17:38:32,923 [WAM] [INFO] dedecms no change[0m
[32m2018-12-17 17:38:40,243 [WAM] [INFO] wordpress no change[0m
[32m2018-12-17 17:38:40,430 [WAM] [INFO] metinfo no change[0m
[31m2018-12-17 17:38:42,015 [WAM] [ERROR] ckeditor4无法访问[0m
[32m2018-12-17 17:38:42,342 [WAM] [INFO] PBootcms no change[0m
[31m2018-12-17 17:38:42,493 [WAM] [ERROR] thinkphp无法访问[0m
[31m2018-12-17 17:38:43,516 [WAM] [ERROR] thinkcmf无法访问[0m
[31m2018-12-17 17:38:43,586 [WAM] [ERROR] yii2无法访问[0m
[31m2018-12-17 17:38:45,128 [WAM] [ERROR] ggffgg无法访问[0m
[31m2018-12-17 17:38:45,200 [WAM] [ERROR] typecho无法访问[0m
[32m2018-12-17 17:38:45,200 [WAM] [INFO] sleep 30s[0m
